1719759287.315991 client started (4558): version 3.4, socket /private/tmp/tmux-502/default, protocol 8
1719759287.316106 on Darwin 23.5.0 Darwin Kernel Version 23.5.0: Wed May  1 20:19:05 PDT 2024; root:xnu-10063.121.3~5/RELEASE_ARM64_T8112
1719759287.316126 using libevent 2.1.12-stable select
1719759287.316345 using utf8proc 2.9.0
1719759287.316365 using ncurses 6.4 20221231
1719759287.316390 flags are 0x18010000
1719759287.316401 socket is /private/tmp/tmux-502/default
1719759287.316416 trying connect
1719759287.316441 connect failed: No such file or directory
1719759287.316464 lock file is /private/tmp/tmux-502/default.lock
1719759287.316552 flock succeeded
1719759287.316560 got lock (6)
1719759287.316569 trying connect
1719759287.316581 connect failed: No such file or directory
1719759287.317050 add peer 0x130008000: 7 (0x0)
1719759287.320376 sending message 100 to peer 0x130008000 (4 bytes)
1719759287.320399 sending message 111 to peer 0x130008000 (8 bytes)
1719759287.320411 sending message 101 to peer 0x130008000 (15 bytes)
1719759287.320422 sending message 109 to peer 0x130008000 (4 bytes)
1719759287.320430 sending message 102 to peer 0x130008000 (13 bytes)
1719759287.320439 sending message 108 to peer 0x130008000 (32 bytes)
1719759287.320448 sending message 112 to peer 0x130008000 (58 bytes)
1719759287.320456 sending message 112 to peer 0x130008000 (5 bytes)
1719759287.320464 sending message 112 to peer 0x130008000 (5 bytes)
1719759287.320473 sending message 112 to peer 0x130008000 (6 bytes)
1719759287.320481 sending message 112 to peer 0x130008000 (6 bytes)
1719759287.320489 sending message 112 to peer 0x130008000 (11 bytes)
1719759287.320497 sending message 112 to peer 0x130008000 (10 bytes)
1719759287.320505 sending message 112 to peer 0x130008000 (13 bytes)
1719759287.320512 sending message 112 to peer 0x130008000 (14 bytes)
1719759287.320521 sending message 112 to peer 0x130008000 (19 bytes)
1719759287.320529 sending message 112 to peer 0x130008000 (11 bytes)
1719759287.320537 sending message 112 to peer 0x130008000 (10 bytes)
1719759287.320545 sending message 112 to peer 0x130008000 (15 bytes)
1719759287.320552 sending message 112 to peer 0x130008000 (21 bytes)
1719759287.320558 sending message 112 to peer 0x130008000 (13 bytes)
1719759287.320566 sending message 112 to peer 0x130008000 (7 bytes)
1719759287.320574 sending message 112 to peer 0x130008000 (13 bytes)
1719759287.320582 sending message 112 to peer 0x130008000 (7 bytes)
1719759287.320591 sending message 112 to peer 0x130008000 (13 bytes)
1719759287.320598 sending message 112 to peer 0x130008000 (9 bytes)
1719759287.320609 sending message 112 to peer 0x130008000 (21 bytes)
1719759287.320617 sending message 112 to peer 0x130008000 (13 bytes)
1719759287.320625 sending message 112 to peer 0x130008000 (9 bytes)
1719759287.320633 sending message 112 to peer 0x130008000 (16 bytes)
1719759287.320642 sending message 112 to peer 0x130008000 (13 bytes)
1719759287.320650 sending message 112 to peer 0x130008000 (9 bytes)
1719759287.320658 sending message 112 to peer 0x130008000 (9 bytes)
1719759287.320667 sending message 112 to peer 0x130008000 (12 bytes)
1719759287.320675 sending message 112 to peer 0x130008000 (8 bytes)
1719759287.320683 sending message 112 to peer 0x130008000 (8 bytes)
1719759287.320691 sending message 112 to peer 0x130008000 (13 bytes)
1719759287.320699 sending message 112 to peer 0x130008000 (7 bytes)
1719759287.320708 sending message 112 to peer 0x130008000 (7 bytes)
1719759287.320715 sending message 112 to peer 0x130008000 (9 bytes)
1719759287.320723 sending message 112 to peer 0x130008000 (9 bytes)
1719759287.320732 sending message 112 to peer 0x130008000 (15 bytes)
1719759287.320739 sending message 112 to peer 0x130008000 (13 bytes)
1719759287.320748 sending message 112 to peer 0x130008000 (12 bytes)
1719759287.320757 sending message 112 to peer 0x130008000 (8 bytes)
1719759287.320765 sending message 112 to peer 0x130008000 (14 bytes)
1719759287.320773 sending message 112 to peer 0x130008000 (11 bytes)
1719759287.320781 sending message 112 to peer 0x130008000 (9 bytes)
1719759287.320802 sending message 112 to peer 0x130008000 (10 bytes)
1719759287.320808 sending message 112 to peer 0x130008000 (10 bytes)
1719759287.320814 sending message 112 to peer 0x130008000 (10 bytes)
1719759287.320820 sending message 112 to peer 0x130008000 (10 bytes)
1719759287.320827 sending message 112 to peer 0x130008000 (11 bytes)
1719759287.320832 sending message 112 to peer 0x130008000 (12 bytes)
1719759287.320838 sending message 112 to peer 0x130008000 (12 bytes)
1719759287.320844 sending message 112 to peer 0x130008000 (12 bytes)
1719759287.320850 sending message 112 to peer 0x130008000 (12 bytes)
1719759287.320856 sending message 112 to peer 0x130008000 (12 bytes)
1719759287.320862 sending message 112 to peer 0x130008000 (11 bytes)
1719759287.320868 sending message 112 to peer 0x130008000 (11 bytes)
1719759287.320873 sending message 112 to peer 0x130008000 (12 bytes)
1719759287.320878 sending message 112 to peer 0x130008000 (12 bytes)
1719759287.320885 sending message 112 to peer 0x130008000 (12 bytes)
1719759287.320891 sending message 112 to peer 0x130008000 (12 bytes)
1719759287.320897 sending message 112 to peer 0x130008000 (12 bytes)
1719759287.320904 sending message 112 to peer 0x130008000 (9 bytes)
1719759287.320910 sending message 112 to peer 0x130008000 (12 bytes)
1719759287.320918 sending message 112 to peer 0x130008000 (13 bytes)
1719759287.320922 sending message 112 to peer 0x130008000 (13 bytes)
1719759287.320928 sending message 112 to peer 0x130008000 (13 bytes)
1719759287.320932 sending message 112 to peer 0x130008000 (13 bytes)
1719759287.320938 sending message 112 to peer 0x130008000 (13 bytes)
1719759287.320944 sending message 112 to peer 0x130008000 (8 bytes)
1719759287.320950 sending message 112 to peer 0x130008000 (11 bytes)
1719759287.320955 sending message 112 to peer 0x130008000 (11 bytes)
1719759287.320960 sending message 112 to peer 0x130008000 (11 bytes)
1719759287.320965 sending message 112 to peer 0x130008000 (12 bytes)
1719759287.320971 sending message 112 to peer 0x130008000 (12 bytes)
1719759287.320977 sending message 112 to peer 0x130008000 (12 bytes)
1719759287.320983 sending message 112 to peer 0x130008000 (12 bytes)
1719759287.320990 sending message 112 to peer 0x130008000 (13 bytes)
1719759287.320994 sending message 112 to peer 0x130008000 (13 bytes)
1719759287.321000 sending message 112 to peer 0x130008000 (13 bytes)
1719759287.321006 sending message 112 to peer 0x130008000 (8 bytes)
1719759287.321012 sending message 112 to peer 0x130008000 (13 bytes)
1719759287.321018 sending message 112 to peer 0x130008000 (13 bytes)
1719759287.321024 sending message 112 to peer 0x130008000 (13 bytes)
1719759287.321030 sending message 112 to peer 0x130008000 (13 bytes)
1719759287.321036 sending message 112 to peer 0x130008000 (13 bytes)
1719759287.321042 sending message 112 to peer 0x130008000 (12 bytes)
1719759287.321048 sending message 112 to peer 0x130008000 (12 bytes)
1719759287.321053 sending message 112 to peer 0x130008000 (12 bytes)
1719759287.321059 sending message 112 to peer 0x130008000 (12 bytes)
1719759287.321065 sending message 112 to peer 0x130008000 (13 bytes)
1719759287.321072 sending message 112 to peer 0x130008000 (8 bytes)
1719759287.321077 sending message 112 to peer 0x130008000 (13 bytes)
1719759287.321083 sending message 112 to peer 0x130008000 (13 bytes)
1719759287.321089 sending message 112 to peer 0x130008000 (13 bytes)
1719759287.321095 sending message 112 to peer 0x130008000 (13 bytes)
1719759287.321101 sending message 112 to peer 0x130008000 (13 bytes)
1719759287.321107 sending message 112 to peer 0x130008000 (13 bytes)
1719759287.321113 sending message 112 to peer 0x130008000 (13 bytes)
1719759287.321119 sending message 112 to peer 0x130008000 (12 bytes)
1719759287.321125 sending message 112 to peer 0x130008000 (12 bytes)
1719759287.321130 sending message 112 to peer 0x130008000 (12 bytes)
1719759287.321135 sending message 112 to peer 0x130008000 (8 bytes)
1719759287.321141 sending message 112 to peer 0x130008000 (12 bytes)
1719759287.321156 sending message 112 to peer 0x130008000 (13 bytes)
1719759287.321163 sending message 112 to peer 0x130008000 (13 bytes)
1719759287.321170 sending message 112 to peer 0x130008000 (13 bytes)
1719759287.321176 sending message 112 to peer 0x130008000 (13 bytes)
1719759287.321183 sending message 112 to peer 0x130008000 (13 bytes)
1719759287.321188 sending message 112 to peer 0x130008000 (13 bytes)
1719759287.321194 sending message 112 to peer 0x130008000 (13 bytes)
1719759287.321200 sending message 112 to peer 0x130008000 (13 bytes)
1719759287.321206 sending message 112 to peer 0x130008000 (12 bytes)
1719759287.321212 sending message 112 to peer 0x130008000 (10 bytes)
1719759287.321218 sending message 112 to peer 0x130008000 (12 bytes)
1719759287.321224 sending message 112 to peer 0x130008000 (12 bytes)
1719759287.321230 sending message 112 to peer 0x130008000 (12 bytes)
1719759287.321236 sending message 112 to peer 0x130008000 (13 bytes)
1719759287.321242 sending message 112 to peer 0x130008000 (13 bytes)
1719759287.321248 sending message 112 to peer 0x130008000 (13 bytes)
1719759287.321254 sending message 112 to peer 0x130008000 (13 bytes)
1719759287.321259 sending message 112 to peer 0x130008000 (13 bytes)
1719759287.321264 sending message 112 to peer 0x130008000 (13 bytes)
1719759287.321269 sending message 112 to peer 0x130008000 (13 bytes)
1719759287.321273 sending message 112 to peer 0x130008000 (10 bytes)
1719759287.321278 sending message 112 to peer 0x130008000 (13 bytes)
1719759287.321283 sending message 112 to peer 0x130008000 (12 bytes)
1719759287.321288 sending message 112 to peer 0x130008000 (12 bytes)
1719759287.321293 sending message 112 to peer 0x130008000 (12 bytes)
1719759287.321298 sending message 112 to peer 0x130008000 (10 bytes)
1719759287.321304 sending message 112 to peer 0x130008000 (10 bytes)
1719759287.321309 sending message 112 to peer 0x130008000 (10 bytes)
1719759287.321314 sending message 112 to peer 0x130008000 (12 bytes)
1719759287.321319 sending message 112 to peer 0x130008000 (13 bytes)
1719759287.321324 sending message 112 to peer 0x130008000 (13 bytes)
1719759287.321329 sending message 112 to peer 0x130008000 (13 bytes)
1719759287.321334 sending message 112 to peer 0x130008000 (13 bytes)
1719759287.321339 sending message 112 to peer 0x130008000 (13 bytes)
1719759287.321344 sending message 112 to peer 0x130008000 (10 bytes)
1719759287.321349 sending message 112 to peer 0x130008000 (11 bytes)
1719759287.321355 sending message 112 to peer 0x130008000 (12 bytes)
1719759287.321360 sending message 112 to peer 0x130008000 (12 bytes)
1719759287.321366 sending message 112 to peer 0x130008000 (12 bytes)
1719759287.321370 sending message 112 to peer 0x130008000 (12 bytes)
1719759287.321375 sending message 112 to peer 0x130008000 (12 bytes)
1719759287.321381 sending message 112 to peer 0x130008000 (11 bytes)
1719759287.321386 sending message 112 to peer 0x130008000 (12 bytes)
1719759287.321390 sending message 112 to peer 0x130008000 (12 bytes)
1719759287.321395 sending message 112 to peer 0x130008000 (13 bytes)
1719759287.321400 sending message 112 to peer 0x130008000 (13 bytes)
1719759287.321405 sending message 112 to peer 0x130008000 (13 bytes)
1719759287.321410 sending message 112 to peer 0x130008000 (13 bytes)
1719759287.321416 sending message 112 to peer 0x130008000 (13 bytes)
1719759287.321420 sending message 112 to peer 0x130008000 (10 bytes)
1719759287.321424 sending message 112 to peer 0x130008000 (9 bytes)
1719759287.321429 sending message 112 to peer 0x130008000 (12 bytes)
1719759287.321434 sending message 112 to peer 0x130008000 (13 bytes)
1719759287.321440 sending message 112 to peer 0x130008000 (13 bytes)
1719759287.321445 sending message 112 to peer 0x130008000 (13 bytes)
1719759287.321450 sending message 112 to peer 0x130008000 (13 bytes)
1719759287.321455 sending message 112 to peer 0x130008000 (13 bytes)
1719759287.321459 sending message 112 to peer 0x130008000 (9 bytes)
1719759287.321464 sending message 112 to peer 0x130008000 (12 bytes)
1719759287.321468 sending message 112 to peer 0x130008000 (13 bytes)
1719759287.321477 sending message 112 to peer 0x130008000 (13 bytes)
1719759287.321481 sending message 112 to peer 0x130008000 (13 bytes)
1719759287.321486 sending message 112 to peer 0x130008000 (13 bytes)
1719759287.321491 sending message 112 to peer 0x130008000 (13 bytes)
1719759287.321495 sending message 112 to peer 0x130008000 (11 bytes)
1719759287.321500 sending message 112 to peer 0x130008000 (12 bytes)
1719759287.321505 sending message 112 to peer 0x130008000 (13 bytes)
1719759287.321510 sending message 112 to peer 0x130008000 (13 bytes)
1719759287.321514 sending message 112 to peer 0x130008000 (13 bytes)
1719759287.321520 sending message 112 to peer 0x130008000 (13 bytes)
1719759287.321525 sending message 112 to peer 0x130008000 (13 bytes)
1719759287.321530 sending message 112 to peer 0x130008000 (11 bytes)
1719759287.321535 sending message 112 to peer 0x130008000 (12 bytes)
1719759287.321540 sending message 112 to peer 0x130008000 (12 bytes)
1719759287.321545 sending message 112 to peer 0x130008000 (12 bytes)
1719759287.321550 sending message 112 to peer 0x130008000 (12 bytes)
1719759287.321555 sending message 112 to peer 0x130008000 (12 bytes)
1719759287.321560 sending message 112 to peer 0x130008000 (21 bytes)
1719759287.321565 sending message 112 to peer 0x130008000 (12 bytes)
1719759287.321570 sending message 112 to peer 0x130008000 (9 bytes)
1719759287.321576 sending message 112 to peer 0x130008000 (6 bytes)
1719759287.321582 sending message 112 to peer 0x130008000 (13 bytes)
1719759287.321588 sending message 112 to peer 0x130008000 (10 bytes)
1719759287.321592 sending message 112 to peer 0x130008000 (24 bytes)
1719759287.321597 sending message 112 to peer 0x130008000 (13 bytes)
1719759287.321602 sending message 112 to peer 0x130008000 (9 bytes)
1719759287.321607 sending message 112 to peer 0x130008000 (70 bytes)
1719759287.321612 sending message 112 to peer 0x130008000 (69 bytes)
1719759287.321619 sending message 112 to peer 0x130008000 (12 bytes)
1719759287.321626 sending message 112 to peer 0x130008000 (10 bytes)
1719759287.321632 sending message 112 to peer 0x130008000 (10 bytes)
1719759287.321636 sending message 112 to peer 0x130008000 (24 bytes)
1719759287.321641 sending message 112 to peer 0x130008000 (13 bytes)
1719759287.321646 sending message 112 to peer 0x130008000 (10 bytes)
1719759287.321652 sending message 112 to peer 0x130008000 (10 bytes)
1719759287.321657 sending message 112 to peer 0x130008000 (10 bytes)
1719759287.321662 sending message 112 to peer 0x130008000 (13 bytes)
1719759287.321667 sending message 112 to peer 0x130008000 (15 bytes)
1719759287.321671 sending message 112 to peer 0x130008000 (5 bytes)
1719759287.321677 sending message 104 to peer 0x130008000 (0 bytes)
1719759287.321681 sending message 110 to peer 0x130008000 (0 bytes)
1719759287.321687 sending message 107 to peer 0x130008000 (4 bytes)
1719759287.321691 sending message 105 to peer 0x130008000 (82 bytes)
1719759287.321696 sending message 105 to peer 0x130008000 (86 bytes)
1719759287.321701 sending message 105 to peer 0x130008000 (31 bytes)
1719759287.321706 sending message 105 to peer 0x130008000 (20 bytes)
1719759287.321711 sending message 105 to peer 0x130008000 (22 bytes)
1719759287.321717 sending message 105 to peer 0x130008000 (19 bytes)
1719759287.321722 sending message 105 to peer 0x130008000 (15 bytes)
1719759287.321728 sending message 105 to peer 0x130008000 (15 bytes)
1719759287.321733 sending message 105 to peer 0x130008000 (633 bytes)
1719759287.321739 sending message 105 to peer 0x130008000 (15 bytes)
1719759287.321744 sending message 105 to peer 0x130008000 (66 bytes)
1719759287.321749 sending message 105 to peer 0x130008000 (20 bytes)
1719759287.321754 sending message 105 to peer 0x130008000 (57 bytes)
1719759287.321760 sending message 105 to peer 0x130008000 (12 bytes)
1719759287.321767 sending message 105 to peer 0x130008000 (20 bytes)
1719759287.321771 sending message 105 to peer 0x130008000 (14 bytes)
1719759287.321777 sending message 105 to peer 0x130008000 (19 bytes)
1719759287.321791 sending message 105 to peer 0x130008000 (35 bytes)
1719759287.321796 sending message 105 to peer 0x130008000 (32 bytes)
1719759287.321802 sending message 105 to peer 0x130008000 (8 bytes)
1719759287.321807 sending message 105 to peer 0x130008000 (36 bytes)
1719759287.321812 sending message 105 to peer 0x130008000 (29 bytes)
1719759287.321817 sending message 105 to peer 0x130008000 (30 bytes)
1719759287.321823 sending message 105 to peer 0x130008000 (37 bytes)
1719759287.321828 sending message 105 to peer 0x130008000 (34 bytes)
1719759287.321834 sending message 105 to peer 0x130008000 (34 bytes)
1719759287.321838 sending message 105 to peer 0x130008000 (35 bytes)
1719759287.321843 sending message 105 to peer 0x130008000 (29 bytes)
1719759287.321848 sending message 105 to peer 0x130008000 (11 bytes)
1719759287.321853 sending message 105 to peer 0x130008000 (8 bytes)
1719759287.321858 sending message 105 to peer 0x130008000 (32 bytes)
1719759287.321863 sending message 105 to peer 0x130008000 (96 bytes)
1719759287.321867 sending message 105 to peer 0x130008000 (57 bytes)
1719759287.321871 sending message 105 to peer 0x130008000 (27 bytes)
1719759287.321876 sending message 105 to peer 0x130008000 (16 bytes)
1719759287.321881 sending message 105 to peer 0x130008000 (46 bytes)
1719759287.321887 sending message 105 to peer 0x130008000 (42 bytes)
1719759287.321892 sending message 105 to peer 0x130008000 (16 bytes)
1719759287.321897 sending message 105 to peer 0x130008000 (24 bytes)
1719759287.321907 sending message 105 to peer 0x130008000 (40 bytes)
1719759287.321913 sending message 105 to peer 0x130008000 (23 bytes)
1719759287.321916 sending message 105 to peer 0x130008000 (25 bytes)
1719759287.321920 sending message 106 to peer 0x130008000 (0 bytes)
1719759287.321986 sending message 200 to peer 0x130008000 (4 bytes)
1719759287.321993 client loop enter
1719759287.322014 client_signal: Child exited: 20
1719759287.456628 peer 0x130008000 message 207
1719759287.456639 sending message 208 to peer 0x130008000 (0 bytes)
1719759294.118333 peer 0x130008000 message 201
1719759294.118384 sending message 205 to peer 0x130008000 (0 bytes)
1719759294.119420 peer 0x130008000 message 204
1719759294.119432 client loop exit
